app/build/outputs/logs/manifest-merger-debug-report.txt
-- Merging decision tree log ---
manifest
ADDED from src\main\AndroidManifest.xml:2:1-24:12
INJECTED from src\main\AndroidManifest.xml:2:1-24:12
INJECTED from src\main\AndroidManifest.xml:2:1-24:12
INJECTED from src\main\AndroidManifest.xml:2:1-24:12
INJECTED from src\main\AndroidManifest.xml:2:1-24:12
INJECTED from src\main\AndroidManifest.xml:2:1-24:12
INJECTED from src\main\AndroidManifest.xml:2:1-24:12
	package
		ADDED from src\main\AndroidManifest.xml:3:7-31
		INJECTED from src\main\AndroidManifest.xml
		INJECTED from src\main\AndroidManifest.xml
	android:versionName
		ADDED from src\main\AndroidManifest.xml:5:7-32
		INJECTED from src\main\AndroidManifest.xml
		INJECTED from src\main\AndroidManifest.xml
	xmlns:android
		ADDED from src\main\AndroidManifest.xml:2:11-69
	android:versionCode
		ADDED from src\main\AndroidManifest.xml:4:7-30
		INJECTED from src\main\AndroidManifest.xml
		INJECTED from src\main\AndroidManifest.xml
uses-sdk
ADDED from src\main\AndroidManifest.xml:6:5-43
INJECTED from src\main\AndroidManifest.xml:6:5-43
INJECTED from src\main\AndroidManifest.xml:6:5-43
INJECTED from src\main\AndroidManifest.xml:6:5-43
INJECTED from src\main\AndroidManifest.xml:6:5-43
	android:targetSdkVersion
		INJECTED from src\main\AndroidManifest.xml
		ADDED from src\main\AndroidManifest.xml:6:5-43
		INJECTED from src\main\AndroidManifest.xml
	android:minSdkVersion
		ADDED from src\main\AndroidManifest.xml:6:15-40
		INJECTED from src\main\AndroidManifest.xml
		INJECTED from src\main\AndroidManifest.xml
application
ADDED from src\main\AndroidManifest.xml:8:5-23:19
	android:label
		ADDED from src\main\AndroidManifest.xml:8:48-80
	android:icon
		ADDED from src\main\AndroidManifest.xml:8:18-47
activity#com.sarga.kids.AndroidSplashActivity
ADDED from src\main\AndroidManifest.xml:9:9-15:20
	android:label
		ADDED from src\main\AndroidManifest.xml:10:19-42
	android:name
		ADDED from src\main\AndroidManifest.xml:9:19-56
intent-filter#action:name:android.intent.action.MAIN+category:name:android.intent.category.LAUNCHER
ADDED from src\main\AndroidManifest.xml:11:13-14:29
action#android.intent.action.MAIN
ADDED from src\main\AndroidManifest.xml:12:17-69
	android:name
		ADDED from src\main\AndroidManifest.xml:12:25-66
category#android.intent.category.LAUNCHER
ADDED from src\main\AndroidManifest.xml:13:17-77
	android:name
		ADDED from src\main\AndroidManifest.xml:13:27-74
activity#com.sarga.kids.Main
ADDED from src\main\AndroidManifest.xml:16:9-72
	android:label
		ADDED from src\main\AndroidManifest.xml:16:40-60
	android:name
		ADDED from src\main\AndroidManifest.xml:16:19-39
activity#com.sarga.kids.EnglishManualSetting_Menu
ADDED from src\main\AndroidManifest.xml:17:1-97
	android:label
		ADDED from src\main\AndroidManifest.xml:17:53-85
	android:name
		ADDED from src\main\AndroidManifest.xml:17:11-52
activity#com.sarga.kids.KidsAppEnglishManualActivity
ADDED from src\main\AndroidManifest.xml:18:1-97
	android:label
		ADDED from src\main\AndroidManifest.xml:18:56-85
	android:name
		ADDED from src\main\AndroidManifest.xml:18:11-55
activity#com.sarga.kids.KannadaAutoActivity
ADDED from src\main\AndroidManifest.xml:19:1-86
	android:label
		ADDED from src\main\AndroidManifest.xml:19:47-74
	android:name
		ADDED from src\main\AndroidManifest.xml:19:11-46
activity#com.sarga.kids.KannadaSetting_Menu
ADDED from src\main\AndroidManifest.xml:20:1-92
	android:label
		ADDED from src\main\AndroidManifest.xml:20:47-79
	android:name
		ADDED from src\main\AndroidManifest.xml:20:11-46
activity#com.sarga.kids.KidsAppEnglishAutoActivity
ADDED from src\main\AndroidManifest.xml:21:1-95
	android:label
		ADDED from src\main\AndroidManifest.xml:21:55-82
	android:name
		ADDED from src\main\AndroidManifest.xml:21:11-53
activity#com.sarga.kids.KannadaManualActivity
ADDED from src\main\AndroidManifest.xml:22:1-90
	android:label
		ADDED from src\main\AndroidManifest.xml:22:50-77
	android:name
		ADDED from src\main\AndroidManifest.xml:22:11-48